<?xml version="1.0" encoding="UTF-8"?>
<testsuites name="syncronizationTestCase" time="18" tests="1" failures="0" errors="0">
   <testsuite name="syncronizationTestCase" tests="1" failures="0" errors="0" time="18" timestamp="2019-03-26 18:36:39" hostname="FX0 - ikscewks02772.MANDAUE.INNODATA.NET" id="Test Suites/Collection(Cura HealthCare)/syncronizationTestCase">
      <properties>
         <property name="deviceName" value=""/>
         <property name="devicePlatform" value=""/>
         <property name="logFolder" value="C:\\Users\\fx0\\Katalon Studio\\sampleProject\\Reports\\Collection(Cura HealthCare)\\syncronizationTestCase\\20190326_183637"/>
         <property name="logFiles" value="C:\\Users\\fx0\\Katalon Studio\\sampleProject\\Reports\\Collection(Cura HealthCare)\\syncronizationTestCase\\20190326_183637\\execution0.log"/>
         <property name="attachments" value=""/>
         <property name="hostName" value="FX0 - ikscewks02772.MANDAUE.INNODATA.NET"/>
         <property name="os" value="Windows 7 64bit"/>
         <property name="katalonVersion" value="6.0.4.7"/>
         <property name="browser" value="Chrome 73.0.3683.75"/>
         <property name="hostAddress" value="10.160.50.6"/>
         <property name="sessionId" value="48bc0e65d87d3ecd708c90d335da512c"/>
         <property name="seleniumVersion" value="3.7.1"/>
         <property name="proxyInformation" value="ProxyInformation{proxyOption=NO_PROXY, proxyServerType=HTTP, password=, proxyServerAddress=, proxyServerPort=0}"/>
         <property name="platform" value="Windows 7"/>
      </properties>
      <testcase name="Test Cases/Cura HealthCare Test Cases/Syncronization Test Case" classname="Test Cases/Cura HealthCare Test Cases/Syncronization Test Case" status="PASSED">
         <system-out><![CDATA[2019-03-26 18:36:39 - [TEST_CASE][PASSED] - Test Cases/Cura HealthCare Test Cases/Syncronization Test Case: Test Cases/Cura HealthCare Test Cases/Syncronization Test Case

2019-03-26 18:36:39 - [TEST_STEP][ERROR] - Start listener action : sampleBeforeTestCase: com.kms.katalon.core.exception.StepFailedException: Unable to navigate to 'https://katalon-demo-cura.herokuapp.com/' (Root cause: com.kms.katalon.core.webui.exception.BrowserNotOpenedException: Browser is not opened
Build info: version: '3.7.1', revision: '8a0099a', time: '2017-11-06T21:07:36.161Z'
System info: host: 'IKSCEWKS02772', ip: '10.160.50.6', os.name: 'Windows 7', os.arch: 'amd64', os.version: '6.1', java.version: '1.8.0_181'
Driver info: driver.version: unknown)

2019-03-26 18:36:39 - [TEST_STEP][PASSED] - println(testCaseContext.getTestCaseId()): null

2019-03-26 18:36:39 - [TEST_STEP][PASSED] - println(testCaseContext.getTestCaseVariables()): null

2019-03-26 18:36:39 - [TEST_STEP][ERROR] - navigateToUrl("https://katalon-demo-cura.herokuapp.com/"): com.kms.katalon.core.exception.StepFailedException: Unable to navigate to 'https://katalon-demo-cura.herokuapp.com/' (Root cause: com.kms.katalon.core.webui.exception.BrowserNotOpenedException: Browser is not opened
Build info: version: '3.7.1', revision: '8a0099a', time: '2017-11-06T21:07:36.161Z'
System info: host: 'IKSCEWKS02772', ip: '10.160.50.6', os.name: 'Windows 7', os.arch: 'amd64', os.version: '6.1', java.version: '1.8.0_181'
Driver info: driver.version: unknown)

2019-03-26 18:36:40 - [MESSAGE][WARNING] - Cannot take screenshot

2019-03-26 18:36:40 - [MESSAGE][FAILED] - Unable to navigate to 'https://katalon-demo-cura.herokuapp.com/' (Root cause: com.kms.katalon.core.webui.exception.BrowserNotOpenedException: Browser is not opened
Build info: version: '3.7.1', revision: '8a0099a', time: '2017-11-06T21:07:36.161Z'
System info: host: 'IKSCEWKS02772', ip: '10.160.50.6', os.name: 'Windows 7', os.arch: 'amd64', os.version: '6.1', java.version: '1.8.0_181'
Driver info: driver.version: unknown)

2019-03-26 18:36:40 - [MESSAGE][ERROR] - com.kms.katalon.core.exception.StepFailedException: Unable to navigate to 'https://katalon-demo-cura.herokuapp.com/' (Root cause: com.kms.katalon.core.webui.exception.BrowserNotOpenedException: Browser is not opened
Build info: version: '3.7.1', revision: '8a0099a', time: '2017-11-06T21:07:36.161Z'
System info: host: 'IKSCEWKS02772', ip: '10.160.50.6', os.name: 'Windows 7', os.arch: 'amd64', os.version: '6.1', java.version: '1.8.0_181'
Driver info: driver.version: unknown)

2019-03-26 18:36:40 - [TEST_STEP][PASSED] - openBrowser(""): Browser is opened with url: ''

2019-03-26 18:36:40 - [MESSAGE][INFO] - Starting 'Chrome' driver

2019-03-26 18:36:40 - [MESSAGE][INFO] - Action delay is set to 0 seconds

2019-03-26 18:36:46 - [MESSAGE][PASSED] - Browser is opened with url: ''

2019-03-26 18:36:46 - [TEST_STEP][PASSED] - navigateToUrl("https://katalon-demo-cura.herokuapp.com/"): Navigate to 'https://katalon-demo-cura.herokuapp.com/' successfully

2019-03-26 18:36:55 - [MESSAGE][PASSED] - Navigate to 'https://katalon-demo-cura.herokuapp.com/' successfully

2019-03-26 18:36:55 - [TEST_STEP][PASSED] - waitForPageLoad(45, STOP_ON_FAILURE): Wait for page load successfully

2019-03-26 18:36:56 - [MESSAGE][PASSED] - Wait for page load successfully

2019-03-26 18:36:56 - [TEST_STEP][PASSED] - waitForElementPresent(findTestObject("Page_CURA Healthcare Service/a_Make Appointment"), 15): Object 'Object Repository/Page_CURA Healthcare Service/a_Make Appointment' is present

2019-03-26 18:36:56 - [MESSAGE][PASSED] - Object 'Object Repository/Page_CURA Healthcare Service/a_Make Appointment' is present

2019-03-26 18:36:56 - [TEST_STEP][PASSED] - click(findTestObject("Page_CURA Healthcare Service/a_Make Appointment")): Object: 'Object Repository/Page_CURA Healthcare Service/a_Make Appointment' is clicked on

2019-03-26 18:36:56 - [MESSAGE][PASSED] - Object: 'Object Repository/Page_CURA Healthcare Service/a_Make Appointment' is clicked on

2019-03-26 18:36:56 - [TEST_STEP][PASSED] - waitForElementPresent(findTestObject("Page_CURA Healthcare Service/button_Login"), 0): Object 'Object Repository/Page_CURA Healthcare Service/button_Login' is present

2019-03-26 18:36:56 - [MESSAGE][WARNING] - Timeout '0' is invalid. Using default page load timeout: '30'

2019-03-26 18:36:56 - [MESSAGE][PASSED] - Object 'Object Repository/Page_CURA Healthcare Service/button_Login' is present

2019-03-26 18:36:56 - [TEST_STEP][PASSED] - setText(findTestObject("Page_CURA Healthcare Service/input_Username_username"), username): Text 'John Doe' is set on object 'Object Repository/Page_CURA Healthcare Service/input_Username_username'

2019-03-26 18:36:56 - [MESSAGE][PASSED] - Text 'John Doe' is set on object 'Object Repository/Page_CURA Healthcare Service/input_Username_username'

2019-03-26 18:36:56 - [TEST_STEP][PASSED] - setText(findTestObject("Page_CURA Healthcare Service/input_Password_password"), password): Text 'ThisIsNotAPassword' is set on object 'Object Repository/Page_CURA Healthcare Service/input_Password_password'

2019-03-26 18:36:56 - [MESSAGE][PASSED] - Text 'ThisIsNotAPassword' is set on object 'Object Repository/Page_CURA Healthcare Service/input_Password_password'

2019-03-26 18:36:56 - [TEST_STEP][PASSED] - click(findTestObject("Page_CURA Healthcare Service/button_Login")): Object: 'Object Repository/Page_CURA Healthcare Service/button_Login' is clicked on

2019-03-26 18:36:57 - [MESSAGE][PASSED] - Object: 'Object Repository/Page_CURA Healthcare Service/button_Login' is clicked on

2019-03-26 18:36:57 - [TEST_STEP][PASSED] - closeBrowser(): Browser is closed

2019-03-26 18:36:58 - [MESSAGE][PASSED] - Browser is closed

2019-03-26 18:36:58 - [TEST_STEP][PASSED] - Start listener action : sampleAfterTestCase: Browser is closed

2019-03-26 18:36:58 - [TEST_STEP][PASSED] - println(testCaseContext.getTestCaseId()): null

2019-03-26 18:36:58 - [TEST_STEP][PASSED] - println(testCaseContext.getTestCaseStatus()): null

2019-03-26 18:36:58 - [TEST_STEP][PASSED] - closeBrowser(): Browser is closed

2019-03-26 18:36:58 - [MESSAGE][PASSED] - Browser is closed]]></system-out>
         <system-err><![CDATA[]]></system-err>
      </testcase>
      <system-out><![CDATA[2019-03-26 18:36:39 - [TEST_SUITE][PASSED] - syncronizationTestCase: Test Cases/Cura HealthCare Test Cases/Syncronization Test Case]]></system-out>
      <system-err><![CDATA[]]></system-err>
   </testsuite>
</testsuites>
